[2020-12-28 11:54:28][16] Processing: App\Jobs\EventRegisteredJob
[2020-12-28 11:54:28][17] Processing: Laravel\Scout\Jobs\MakeSearchable
[2020-12-28 11:54:28][18] Processing: Laravel\Scout\Jobs\MakeSearchable
[2020-12-28 11:54:28][17] Failed:     Laravel\Scout\Jobs\MakeSearchable
[2020-12-28 11:54:28][18] Processed:  Laravel\Scout\Jobs\MakeSearchable
[2020-12-28 11:54:28][16] Processed:  App\Jobs\EventRegisteredJob
[2020-12-28 12:01:58][19] Processing: App\Jobs\EventRegisteredJob
[2020-12-28 12:01:58][19] Processed:  App\Jobs\EventRegisteredJob
[2020-12-28 12:02:25][20] Processing: App\Jobs\EventRegisteredJob
[2020-12-28 12:02:25][20] Processed:  App\Jobs\EventRegisteredJob
[2020-12-28 12:06:23][21] Processing: App\Jobs\EventRegisteredJob
[2020-12-28 12:06:24][21] Processed:  App\Jobs\EventRegisteredJob
[2020-12-28 12:07:00][22] Processing: App\Jobs\EventRegisteredJob
[2020-12-28 12:07:00][22] Processed:  App\Jobs\EventRegisteredJob
[2020-12-28 14:23:26][23] Processing: App\Jobs\EventRegisteredJob
[2020-12-28 14:23:26][23] Processed:  App\Jobs\EventRegisteredJob
[2020-12-28 15:04:20][24] Processing: Laravel\Scout\Jobs\MakeSearchable
[2020-12-28 15:04:20][24] Processed:  Laravel\Scout\Jobs\MakeSearchable
[2020-12-29 14:56:05][25] Processing: App\Jobs\EventRegisteredJob
[2020-12-29 14:56:05][25] Failed:     App\Jobs\EventRegisteredJob
[2020-12-29 14:56:12][26] Processing: App\Jobs\EventRegisteredJob
[2020-12-29 14:56:12][26] Failed:     App\Jobs\EventRegisteredJob
[2020-12-29 14:56:15][27] Processing: App\Jobs\EventRegisteredJob
[2020-12-29 14:56:15][27] Failed:     App\Jobs\EventRegisteredJob
[2020-12-29 14:58:17][28] Processing: App\Jobs\EventRegisteredJob
[2020-12-29 14:58:17][28] Failed:     App\Jobs\EventRegisteredJob
[2020-12-29 14:58:18][29] Processing: App\Jobs\EventRegisteredJob
[2020-12-29 14:58:18][29] Failed:     App\Jobs\EventRegisteredJob
[2020-12-29 14:59:02][30] Processing: App\Jobs\EventRegisteredJob
[2020-12-29 14:59:02][30] Failed:     App\Jobs\EventRegisteredJob
[2020-12-29 14:59:03][31] Processing: App\Jobs\EventRegisteredJob
[2020-12-29 14:59:03][31] Failed:     App\Jobs\EventRegisteredJob
[2020-12-29 15:31:48][32] Processing: App\Jobs\EventRegisteredJob
[2020-12-29 15:31:48][32] Failed:     App\Jobs\EventRegisteredJob
[2020-12-29 15:33:02][33] Processing: App\Jobs\EventRegisteredJob
[2020-12-29 15:33:02][33] Failed:     App\Jobs\EventRegisteredJob
[2020-12-29 15:50:35][34] Processing: App\Jobs\EventRegisteredJob
[2020-12-29 15:50:35][34] Failed:     App\Jobs\EventRegisteredJob
[2020-12-29 16:39:41][35] Processing: App\Jobs\EventRegisteredJob
[2020-12-29 16:39:41][35] Failed:     App\Jobs\EventRegisteredJob
[2020-12-30 11:08:54][36] Processing: App\Jobs\EventRegisteredJob
[2020-12-30 11:08:54][36] Failed:     App\Jobs\EventRegisteredJob
[2020-12-30 12:02:31][37] Processing: App\Jobs\EventRegisteredJob
[2020-12-30 12:02:31][37] Processed:  App\Jobs\EventRegisteredJob
[2020-12-30 12:27:01][38] Processing: App\Jobs\EventRegisteredJob
[2020-12-30 12:27:01][38] Processed:  App\Jobs\EventRegisteredJob
[2020-12-30 13:50:42][39] Processing: App\Jobs\EventRegisteredJob
[2020-12-30 13:50:43][39] Processed:  App\Jobs\EventRegisteredJob
[2020-12-30 14:18:02][40] Processing: App\Jobs\EventRegisteredJob
[2020-12-30 14:18:02][40] Processed:  App\Jobs\EventRegisteredJob
[2020-12-30 14:28:16][41] Processing: App\Jobs\EventRegisteredJob
[2020-12-30 14:28:16][41] Processed:  App\Jobs\EventRegisteredJob
[2020-12-30 14:34:42][42] Processing: App\Jobs\EventRegisteredJob
[2020-12-30 14:34:42][42] Processed:  App\Jobs\EventRegisteredJob
[2020-12-30 14:39:41][43] Processing: App\Jobs\EventRegisteredJob
[2020-12-30 14:39:41][43] Failed:     App\Jobs\EventRegisteredJob
[2020-12-30 15:07:27][44] Processing: App\Jobs\EventRegisteredJob
[2020-12-30 15:07:27][44] Processed:  App\Jobs\EventRegisteredJob
